#
# There is insufficient memory for the Java Runtime Environment to continue.
# Native memory allocation (malloc) failed to allocate 616416 bytes for Chunk::new
# Possible reasons:
#   The system is out of physical RAM or swap space
#   The process is running with CompressedOops enabled, and the Java Heap may be blocking the growth of the native heap
# Possible solutions:
#   Reduce memory load on the system
#   Increase physical memory or swap space
#   Check if swap backing store is full
#   Decrease Java heap size (-Xmx/-Xms)
#   Decrease number of Java threads
#   Decrease Java thread stack sizes (-Xss)
#   Set larger code cache with -XX:ReservedCodeCacheSize=
#   JVM is running with Zero Based Compressed Oops mode in which the Java heap is
#     placed in the first 32GB address space. The Java Heap base address is the
#     maximum limit for the native heap growth. Please use -XX:HeapBaseMinAddress
#     to set the Java Heap base and to place the Java Heap above 32GB virtual address.
# This output file may be truncated or incomplete.
#
#  Out of Memory Error (allocation.cpp:390), pid=18004, tid=0x0000000000005244
#
# JRE version: Java(TM) SE Runtime Environment (8.0_201-b09) (build 1.8.0_201-b09)
# Java VM: Java HotSpot(TM) 64-Bit Server VM (25.201-b09 mixed mode windows-amd64 compressed oops)
# Failed to write core dump. Minidumps are not enabled by default on client versions of Windows
#

---------------  T H R E A D  ---------------

Current thread (0x000000001f098000):  JavaThread "C2 CompilerThread2" daemon [_thread_in_native, id=21060, stack(0x000000001fb10000,0x000000001fc10000)]

Stack: [0x000000001fb10000,0x000000001fc10000]
[error occurred during error reporting (printing stack bounds), id 0xc0000005]

Native frames: (J=compiled Java code, j=interpreted, Vv=VM code, C=native code)


Current CompileTask:
C2:   2746  528   !   4       sun.awt.image.PNGImageDecoder::produceImage (1916 bytes)


---------------  P R O C E S S  ---------------

Java Threads: ( => current thread )
  0x00000000205c1000 JavaThread "Image Fetcher 0" daemon [_thread_blocked, id=15944, stack(0x0000000020990000,0x0000000020a90000)]
  0x00000000201c8000 JavaThread "Thread-2" daemon [_thread_in_native, id=22308, stack(0x0000000020d90000,0x0000000020e90000)]
  0x0000000020056800 JavaThread "EventQueueMonitor-ComponentEvtDispatch" daemon [_thread_blocked, id=19200, stack(0x0000000020c90000,0x0000000020d90000)]
  0x000000001ffe4800 JavaThread "AWT-Windows" daemon [_thread_in_native, id=9888, stack(0x0000000020a90000,0x0000000020b90000)]
  0x000000001ffbe000 JavaThread "Java2D Disposer" daemon [_thread_blocked, id=24320, stack(0x0000000020890000,0x0000000020990000)]
  0x000000001f15f000 JavaThread "Service Thread" daemon [_thread_blocked, id=24264, stack(0x000000001fd10000,0x000000001fe10000)]
  0x000000001f0a5000 JavaThread "C1 CompilerThread3" daemon [_thread_in_native, id=848, stack(0x000000001fc10000,0x000000001fd10000)]
=>0x000000001f098000 JavaThread "C2 CompilerThread2" daemon [_thread_in_native, id=21060, stack(0x000000001fb10000,0x000000001fc10000)]
  0x000000001f08b000 JavaThread "C2 CompilerThread1" daemon [_thread_blocked, id=648, stack(0x000000001fa10000,0x000000001fb10000)]
  0x000000001f085800 JavaThread "C2 CompilerThread0" daemon [_thread_blocked, id=24764, stack(0x000000001f910000,0x000000001fa10000)]
  0x000000001f097000 JavaThread "Monitor Ctrl-Break" daemon [_thread_in_native, id=5548, stack(0x000000001f810000,0x000000001f910000)]
  0x000000001eff5000 JavaThread "Attach Listener" daemon [_thread_blocked, id=3320, stack(0x000000001f710000,0x000000001f810000)]
  0x000000001f048000 JavaThread "Signal Dispatcher" daemon [_thread_blocked, id=7488, stack(0x000000001f610000,0x000000001f710000)]
  0x000000001efd1800 JavaThread "Finalizer" daemon [_thread_blocked, id=25496, stack(0x000000001f4b0000,0x000000001f5b0000)]
  0x000000001efd0800 JavaThread "Reference Handler" daemon [_thread_blocked, id=19312, stack(0x000000001f3b0000,0x000000001f4b0000)]
  0x00000000036d3800 JavaThread "main" [_thread_in_native, id=20024, stack(0x0000000003420000,0x0000000003520000)]

Other Threads:
  0x000000001d1b8000 VMThread [stack: 0x000000001eeb0000,0x000000001efb0000] [id=8940]
  0x000000001f177000 WatcherThread [stack: 0x000000001fe10000,0x000000001ff10000] [id=25164]

VM state:not at safepoint (normal execution)

VM Mutex/Monitor currently owned by a thread: None

heap address: 0x00000006c2000000, size: 4064 MB, Compressed Oops mode: Zero based, Oop shift amount: 3
Narrow klass base: 0x0000000000000000, Narrow klass shift: 3
Compressed class space size: 1073741824 Address: 0x00000007c0000000

Heap:
 PSYoungGen      total 75776K, used 32416K [0x000000076b580000, 0x0000000770a00000, 0x00000007c0000000)
  eden space 65024K, 49% used [0x000000076b580000,0x000000076d5281f8,0x000000076f500000)
  from space 10752K, 0% used [0x000000076ff80000,0x000000076ff80000,0x0000000770a00000)
  to   space 10752K, 0% used [0x000000076f500000,0x000000076f500000,0x000000076ff80000)
 ParOldGen       total 173568K, used 0K [0x00000006c2000000, 0x00000006cc980000, 0x000000076b580000)
  object space 173568K, 0% used [0x00000006c2000000,0x00000006c2000000,0x00000006cc980000)
 Metaspace       used 8882K, capacity 9134K, committed 9344K, reserved 1056768K
  class space    used 1012K, capacity 1106K, committed 1152K, reserved 1048576K

Card table byte_map: [0x0000000012b90000,0x0000000013390000] byte_map_base: 0x000000000f580000

Marking Bits: (ParMarkBitMap*) 0x0000000066e54ce0
 Begin Bits: [0x00000000140e0000, 0x0000000018060000)
 End Bits:   [0x0000000018060000, 0x000000001bfe0000)

Polling page: 0x00000000014e0000

CodeCache: size=245760Kb used=2504Kb max_used=2520Kb free=243255Kb
 bounds [0x00000000037d0000, 0x0000000003a50000, 0x00000000127d0000]
 total_blobs=940 nmethods=535 adapters=318
 compilation: enabled

Compilation events (10 events):
Event: 2.723 Thread 0x000000001f085800 nmethod 529 0x0000000003a35f90 code [0x0000000003a36100, 0x0000000003a36858]
Event: 2.731 Thread 0x000000001f08b000  530       4       java.io.BufferedInputStream::read1 (108 bytes)
Event: 2.734 Thread 0x000000001f0a5000  532       3       java.lang.Integer::parseInt (261 bytes)
Event: 2.735 Thread 0x000000001f0a5000 nmethod 532 0x0000000003a3a290 code [0x0000000003a3a640, 0x0000000003a3c388]
Event: 2.735 Thread 0x000000001f0a5000  531       3       java.nio.HeapByteBuffer::ix (7 bytes)
Event: 2.735 Thread 0x000000001f0a5000 nmethod 531 0x0000000003a35c90 code [0x0000000003a35de0, 0x0000000003a35f30]
Event: 2.735 Thread 0x000000001f0a5000  533       3       sun.net.www.ParseUtil::unescape (17 bytes)
Event: 2.735 Thread 0x000000001f0a5000 nmethod 533 0x0000000003a35810 code [0x0000000003a35980, 0x0000000003a35bb8]
Event: 2.744 Thread 0x000000001f0a5000  535       3       java.io.FileInputStream::read (8 bytes)
Event: 2.744 Thread 0x000000001f0a5000 nmethod 535 0x0000000003a37e50 code [0x0000000003a37fc0, 0x0000000003a38148]

GC Heap History (0 events):
No events

Deoptimization events (6 events):
Event: 0.328 Thread 0x00000000036d3800 Uncommon trap: reason=class_check action=maybe_recompile pc=0x000000000397fcf0 method=java.util.HashMap.getNode(ILjava/lang/Object;)Ljava/util/HashMap$Node; @ 126
Event: 0.334 Thread 0x00000000036d3800 Uncommon trap: reason=null_check action=make_not_entrant pc=0x0000000003954794 method=java.lang.String.equals(Ljava/lang/Object;)Z @ 8
Event: 0.353 Thread 0x00000000036d3800 Uncommon trap: reason=unstable_if action=reinterpret pc=0x000000000397fd14 method=java.util.HashMap.hash(Ljava/lang/Object;)I @ 1
Event: 0.369 Thread 0x00000000036d3800 Uncommon trap: reason=class_check action=maybe_recompile pc=0x0000000003983448 method=java.util.HashMap.getNode(ILjava/lang/Object;)Ljava/util/HashMap$Node; @ 126
Event: 0.369 Thread 0x00000000036d3800 Uncommon trap: reason=class_check action=maybe_recompile pc=0x0000000003983448 method=java.util.HashMap.getNode(ILjava/lang/Object;)Ljava/util/HashMap$Node; @ 126
Event: 0.369 Thread 0x00000000036d3800 Uncommon trap: reason=class_check action=maybe_recompile pc=0x0000000003983448 method=java.util.HashMap.getNode(ILjava/lang/Object;)Ljava/util/HashMap$Node; @ 126

Classes redefined (0 events):
No events

Internal exceptions (10 events):
Event: 0.044 Thread 0x00000000036d3800 Exception <a 'java/lang/NoSuchMethodError': Method sun.misc.Unsafe.prefetchRead(Ljava/lang/Object;J)V name or signature does not match> (0x000000076b587f98) thrown at [C:\re\workspace\8-2-build-windows-amd64-cygwin\jdk8u201\12322\hotspot\src\share\vm\prim
Event: 0.191 Thread 0x00000000036d3800 Exception <a 'java/security/PrivilegedActionException'> (0x000000076b8b9330) thrown at [C:\re\workspace\8-2-build-windows-amd64-cygwin\jdk8u201\12322\hotspot\src\share\vm\prims\jvm.cpp, line 1502]
Event: 0.191 Thread 0x00000000036d3800 Exception <a 'java/security/PrivilegedActionException'> (0x000000076b8b9540) thrown at [C:\re\workspace\8-2-build-windows-amd64-cygwin\jdk8u201\12322\hotspot\src\share\vm\prims\jvm.cpp, line 1502]
Event: 0.192 Thread 0x00000000036d3800 Exception <a 'java/security/PrivilegedActionException'> (0x000000076b8bbcc0) thrown at [C:\re\workspace\8-2-build-windows-amd64-cygwin\jdk8u201\12322\hotspot\src\share\vm\prims\jvm.cpp, line 1502]
Event: 0.192 Thread 0x00000000036d3800 Exception <a 'java/security/PrivilegedActionException'> (0x000000076b8bbed0) thrown at [C:\re\workspace\8-2-build-windows-amd64-cygwin\jdk8u201\12322\hotspot\src\share\vm\prims\jvm.cpp, line 1502]
Event: 0.231 Thread 0x00000000036d3800 Exception <a 'java/lang/NoSuchFieldError': method resolution failed> (0x000000076bb49fa8) thrown at [C:\re\workspace\8-2-build-windows-amd64-cygwin\jdk8u201\12322\hotspot\src\share\vm\prims\methodHandles.cpp, line 1167]
Event: 0.232 Thread 0x00000000036d3800 Exception <a 'java/lang/NoSuchFieldError': method resolution failed> (0x000000076bb57e50) thrown at [C:\re\workspace\8-2-build-windows-amd64-cygwin\jdk8u201\12322\hotspot\src\share\vm\prims\methodHandles.cpp, line 1167]
Event: 0.273 Thread 0x00000000036d3800 Exception <a 'java/io/FileNotFoundException'> (0x000000076bcb7588) thrown at [C:\re\workspace\8-2-build-windows-amd64-cygwin\jdk8u201\12322\hotspot\src\share\vm\prims\jni.cpp, line 709]
Event: 0.334 Thread 0x00000000036d3800 Implicit null exception at 0x00000000039545a6 to 0x0000000003954785
Event: 0.353 Thread 0x00000000036d3800 Implicit null exception at 0x000000000397f973 to 0x000000000397fcfd

Events (10 events):
Event: 2.702 Thread 0x00000000205c1000 DEOPT PACKING pc=0x0000000003a331f0 sp=0x0000000020a8ecb0
Event: 2.702 Thread 0x00000000205c1000 DEOPT UNPACKING pc=0x0000000003817890 sp=0x0000000020a8e9d8 mode 0
Event: 2.703 Thread 0x00000000205c1000 DEOPT PACKING pc=0x0000000003a331f0 sp=0x0000000020a8ecb0
Event: 2.703 Thread 0x00000000205c1000 DEOPT UNPACKING pc=0x0000000003817890 sp=0x0000000020a8e9d8 mode 0
Event: 2.703 Thread 0x00000000205c1000 DEOPT PACKING pc=0x0000000003a331f0 sp=0x0000000020a8ecb0
Event: 2.703 Thread 0x00000000205c1000 DEOPT UNPACKING pc=0x0000000003817890 sp=0x0000000020a8e9d8 mode 0
Event: 2.710 Thread 0x00000000205c1000 DEOPT PACKING pc=0x0000000003a0e020 sp=0x0000000020a8f210
Event: 2.710 Thread 0x00000000205c1000 DEOPT UNPACKING pc=0x0000000003817890 sp=0x0000000020a8f058 mode 0
Event: 2.721 Thread 0x00000000205c1000 DEOPT PACKING pc=0x0000000003a0e020 sp=0x0000000020a8f210
Event: 2.721 Thread 0x00000000205c1000 DEOPT UNPACKING pc=0x0000000003817890 sp=0x0000000020a8f058 mode 0


Dynamic libraries:
0x00007ff76a920000 - 0x00007ff76a957000 	D:\Java\jdk1.8.0_201\bin\java.exe
0x00007ffe08070000 - 0x00007ffe08268000 	C:\WINDOWS\SYSTEM32\ntdll.dll
0x00007ffe06b70000 - 0x00007ffe06c2f000 	C:\WINDOWS\System32\KERNEL32.DLL
0x00007ffe05870000 - 0x00007ffe05b42000 	C:\WINDOWS\System32\KERNELBASE.dll
0x00007ffe06c30000 - 0x00007ffe06cde000 	C:\WINDOWS\System32\ADVAPI32.dll
0x00007ffe07ce0000 - 0x00007ffe07d7e000 	C:\WINDOWS\System32\msvcrt.dll
0x00007ffe07f80000 - 0x00007ffe0801c000 	C:\WINDOWS\System32\sechost.dll
0x00007ffe06820000 - 0x00007ffe06945000 	C:\WINDOWS\System32\RPCRT4.dll
0x00007ffe06e70000 - 0x00007ffe07011000 	C:\WINDOWS\System32\USER32.dll
0x00007ffe05f20000 - 0x00007ffe05f42000 	C:\WINDOWS\System32\win32u.dll
0x00007ffe06d20000 - 0x00007ffe06d4b000 	C:\WINDOWS\System32\GDI32.dll
0x00007ffe05760000 - 0x00007ffe0586f000 	C:\WINDOWS\System32\gdi32full.dll
0x00007ffe05f50000 - 0x00007ffe05fed000 	C:\WINDOWS\System32\msvcp_win.dll
0x00007ffe05dd0000 - 0x00007ffe05ed0000 	C:\WINDOWS\System32\ucrtbase.dll
0x00007ffdee720000 - 0x00007ffdee9ba000 	C:\WINDOWS\WinSxS\amd64_microsoft.windows.common-controls_6595b64144ccf1df_6.0.19041.1110_none_60b5254171f9507e\COMCTL32.dll
0x00007ffe06ce0000 - 0x00007ffe06d12000 	C:\WINDOWS\System32\IMM32.DLL
0x0000000066ee0000 - 0x0000000066fb1000 	D:\Java\jdk1.8.0_201\jre\bin\msvcr100.dll
0x0000000066630000 - 0x0000000066ed4000 	D:\Java\jdk1.8.0_201\jre\bin\server\jvm.dll
0x00007ffe06810000 - 0x00007ffe06818000 	C:\WINDOWS\System32\PSAPI.DLL
0x00007ffdebc00000 - 0x00007ffdebc09000 	C:\WINDOWS\SYSTEM32\WSOCK32.dll
0x00007ffdf2470000 - 0x00007ffdf2497000 	C:\WINDOWS\SYSTEM32\WINMM.dll
0x00007ffdf9530000 - 0x00007ffdf953a000 	C:\WINDOWS\SYSTEM32\VERSION.dll
0x00007ffe07f10000 - 0x00007ffe07f7b000 	C:\WINDOWS\System32\WS2_32.dll
0x00007ffe029f0000 - 0x00007ffe029ff000 	D:\Java\jdk1.8.0_201\jre\bin\verify.dll
0x00007ffdffe00000 - 0x00007ffdffe29000 	D:\Java\jdk1.8.0_201\jre\bin\java.dll
0x00007ffdff9a0000 - 0x00007ffdff9c3000 	D:\Java\jdk1.8.0_201\jre\bin\instrument.dll
0x00007ffe00da0000 - 0x00007ffe00db6000 	D:\Java\jdk1.8.0_201\jre\bin\zip.dll
0x00007ffe07080000 - 0x00007ffe077c4000 	C:\WINDOWS\System32\SHELL32.dll
0x00007ffe037c0000 - 0x00007ffe03f52000 	C:\WINDOWS\SYSTEM32\windows.storage.dll
0x00007ffe077d0000 - 0x00007ffe07b25000 	C:\WINDOWS\System32\combase.dll
0x00007ffe050e0000 - 0x00007ffe05110000 	C:\WINDOWS\SYSTEM32\Wldp.dll
0x00007ffe060b0000 - 0x00007ffe0615d000 	C:\WINDOWS\System32\SHCORE.dll
0x00007ffe07eb0000 - 0x00007ffe07f05000 	C:\WINDOWS\System32\shlwapi.dll
0x00007ffe056a0000 - 0x00007ffe056bf000 	C:\WINDOWS\SYSTEM32\profapi.dll
0x00007ffdff980000 - 0x00007ffdff99a000 	D:\IntelliJ IDEA 2021.3.3\bin\breakgen64.dll
0x00007ffdffe90000 - 0x00007ffdffeaa000 	D:\java\jdk1.8.0_201\jre\bin\net.dll
0x00007ffdef710000 - 0x00007ffdef8fd000 	C:\WINDOWS\SYSTEM32\urlmon.dll
0x00007ffdf4320000 - 0x00007ffdf45d1000 	C:\WINDOWS\SYSTEM32\iertutil.dll
0x00007ffdef6e0000 - 0x00007ffdef708000 	C:\WINDOWS\SYSTEM32\srvcli.dll
0x00007ffe04c10000 - 0x00007ffe04c1c000 	C:\WINDOWS\SYSTEM32\netutils.dll
0x00007ffe04df0000 - 0x00007ffe04e5a000 	C:\WINDOWS\system32\mswsock.dll
0x00007ffdf3740000 - 0x00007ffdf38d9000 	D:\java\jdk1.8.0_201\jre\bin\awt.dll
0x00007ffe06950000 - 0x00007ffe06a1d000 	C:\WINDOWS\System32\OLEAUT32.dll
0x00007ffe02a00000 - 0x00007ffe02a91000 	C:\WINDOWS\SYSTEM32\apphelp.dll
0x00007ffe02f50000 - 0x00007ffe02f7f000 	C:\WINDOWS\system32\DWMAPI.DLL
0x00007ffe02bb0000 - 0x00007ffe02c4e000 	C:\WINDOWS\system32\uxtheme.dll
0x00007ffded240000 - 0x00007ffded365000 	C:\WINDOWS\system32\opengl32.dll
0x00007ffdf34f0000 - 0x00007ffdf351c000 	C:\WINDOWS\SYSTEM32\GLU32.dll
0x00007ffe06d50000 - 0x00007ffe06e65000 	C:\WINDOWS\System32\MSCTF.dll
0x00007ffe07d80000 - 0x00007ffe07eaa000 	C:\WINDOWS\System32\ole32.dll
0x00007ffe03f70000 - 0x00007ffe03f82000 	C:\WINDOWS\SYSTEM32\kernel.appcore.dll
0x00007ffe05ff0000 - 0x00007ffe06072000 	C:\WINDOWS\System32\bcryptPrimitives.dll
0x00007ffdc7920000 - 0x00007ffdc7945000 	D:\网易有道词典\Dict\9.1.6.0\WordStrokeHelper64.dll
0x00007ffdff290000 - 0x00007ffdff2b6000 	D:\java\jdk1.8.0_201\jre\bin\JavaAccessBridge-64.dll
0x00007ffe00060000 - 0x00007ffe00067000 	D:\java\jdk1.8.0_201\jre\bin\jawt.dll
0x00007ffdff280000 - 0x00007ffdff287000 	D:\java\jdk1.8.0_201\jre\bin\JAWTAccessBridge-64.dll
0x00007ffe04fb0000 - 0x00007ffe04fc8000 	C:\WINDOWS\SYSTEM32\CRYPTSP.dll
0x00007ffe04720000 - 0x00007ffe04754000 	C:\WINDOWS\system32\rsaenh.dll
0x00007ffe06080000 - 0x00007ffe060a7000 	C:\WINDOWS\System32\bcrypt.dll
0x00007ffe05620000 - 0x00007ffe0564e000 	C:\WINDOWS\SYSTEM32\USERENV.dll
0x00007ffe04fd0000 - 0x00007ffe04fdc000 	C:\WINDOWS\SYSTEM32\CRYPTBASE.dll
0x00007ffe04b00000 - 0x00007ffe04b3b000 	C:\WINDOWS\SYSTEM32\IPHLPAPI.DLL
0x00007ffe08020000 - 0x00007ffe08028000 	C:\WINDOWS\System32\NSI.dll
0x00007ffdfe220000 - 0x00007ffdfe237000 	C:\WINDOWS\SYSTEM32\dhcpcsvc6.DLL
0x00007ffdfe190000 - 0x00007ffdfe1ad000 	C:\WINDOWS\SYSTEM32\dhcpcsvc.DLL
0x00007ffe04b40000 - 0x00007ffe04c0a000 	C:\WINDOWS\SYSTEM32\DNSAPI.dll
0x00007ffe00070000 - 0x00007ffe00081000 	D:\java\jdk1.8.0_201\jre\bin\nio.dll

VM Arguments:
jvm_args: -javaagent:D:\IntelliJ IDEA 2021.3.3\lib\idea_rt.jar=7327:D:\IntelliJ IDEA 2021.3.3\bin -Dfile.encoding=UTF-8 
java_command: cn.com.Start
java_class_path (initial): D:\java\jdk1.8.0_201\jre\lib\charsets.jar;D:\java\jdk1.8.0_201\jre\lib\deploy.jar;D:\java\jdk1.8.0_201\jre\lib\ext\access-bridge-64.jar;D:\java\jdk1.8.0_201\jre\lib\ext\cldrdata.jar;D:\java\jdk1.8.0_201\jre\lib\ext\dnsns.jar;D:\java\jdk1.8.0_201\jre\lib\ext\jaccess.jar;D:\java\jdk1.8.0_201\jre\lib\ext\jfxrt.jar;D:\java\jdk1.8.0_201\jre\lib\ext\localedata.jar;D:\java\jdk1.8.0_201\jre\lib\ext\nashorn.jar;D:\java\jdk1.8.0_201\jre\lib\ext\sunec.jar;D:\java\jdk1.8.0_201\jre\lib\ext\sunjce_provider.jar;D:\java\jdk1.8.0_201\jre\lib\ext\sunmscapi.jar;D:\java\jdk1.8.0_201\jre\lib\ext\sunpkcs11.jar;D:\java\jdk1.8.0_201\jre\lib\ext\zipfs.jar;D:\java\jdk1.8.0_201\jre\lib\javaws.jar;D:\java\jdk1.8.0_201\jre\lib\jce.jar;D:\java\jdk1.8.0_201\jre\lib\jfr.jar;D:\java\jdk1.8.0_201\jre\lib\jfxswt.jar;D:\java\jdk1.8.0_201\jre\lib\jsse.jar;D:\java\jdk1.8.0_201\jre\lib\management-agent.jar;D:\java\jdk1.8.0_201\jre\lib\plugin.jar;D:\java\jdk1.8.0_201\jre\lib\resources.jar;D:\java\jdk1.8.0_201\jre\lib\rt.jar;D:\project\课程设计\JAVA聊天室\KaChat_Project\KaChat_Client\target\classes;D:\project\课程设计\JAVA聊天室\KaChat_Project\KaChat_Common\target\classes;D:\IntelliJ IDEA 2021.3.3\lib\idea_rt.jar
Launcher Type: SUN_STANDARD

Environment Variables:
JAVA_HOME=D:\java\jdk1.8.0_201
PATH=D:\Program Files (x86)\Common Files\Oracle\Java\javapath;D:\java\jdk1.8.0_201\bin;C:\Program Files\Microsoft MPI\Bin\;C:\Windows\system32;C:\Windows;C:\Windows\System32\Wbem;C:\Windows\System32\WindowsPowerShell\v1.0\;C:\Windows\System32\OpenSSH\;C:\Program Files (x86)\NVIDIA Corporation\PhysX\Common;C:\Program Files\NVIDIA Corporation\NVIDIA NvDLISR;C:\WINDOWS\system32;C:\WINDOWS;C:\WINDOWS\System32\Wbem;C:\WINDOWS\System32\WindowsPowerShell\v1.0\;C:\WINDOWS\System32\OpenSSH\;D:\sql serve\Client SDK\ODBC\170\Tools\Binn\;D:\Study\django_py\150\Tools\Binn\;D:\sql serve\150\Tools\Binn\;D:\sql serve\150\DTS\Binn\;D:\Study\django_py\150\DTS\Binn\;C:\Program Files\MySQL\MySQL Server 8.0\bin;D:\phpstudy_pro\Extensions\php\php7.3.4nts;D:\node.js\node_global\node_modules;D:\node_js\;D:\Git\Git\cmd;D:\小程序开发\微信web开发者工具\dll;D:\gettext;iconv\bin;D:\gettext\gettextinstall64\bin;C:\Program Files\Docker\Docker\resources\bin;C:\ProgramData\DockerDesktop\version-bin;C:\Program Files\Bandizip\;D:\xshell\;"C:\WINDOWS\system32;C:\WINDOWS;C:\WINDOWS\system32\WBEM";D:\java\maven\apache-maven-3.6.1\bin;C:\Program Files\MySQL\MySQL Shell 8.0\bin\;D:\acaconda;D:\acaconda\Library\mingw-w64\bin;D:\acaconda\Library\usr\bin;D:\acaconda\Library\bin;D:\acaconda\Scripts;C:\Users\86181\AppData\Local\Programs\Python\Python310\Scripts\;C:\Users\86181\AppData\Local\Programs\Python\Python310\;C:\Users\86181\AppData\Local\Microsoft\WindowsApps;D:\node.js\node_global;D:\node.js;C:\Users\86181\AppData\Roaming\npm;D:\PyCharm 2022.1\bin;;D:\Microsoft VS Code\bin;D:\gettext\gettextinstall64\bin;D:\Study\待办事项\todo.md;;D:\webstorm\WebStorm 2021.3.3\bin;
USERNAME=86181
OS=Windows_NT
PROCESSOR_IDENTIFIER=Intel64 Family 6 Model 165 Stepping 2, GenuineIntel



---------------  S Y S T E M  ---------------

OS: Windows 10.0 , 64 bit Build 19041 (10.0.19041.2364)

CPU:total 8 (initial active 8) (4 cores per cpu, 2 threads per core) family 6 model 165 stepping 2, cmov, cx8, fxsr, mmx, sse, sse2, sse3, ssse3, sse4.1, sse4.2, popcnt, avx, avx2, aes, clmul, erms, 3dnowpref, lzcnt, ht, tsc, tscinvbit, bmi1, bmi2, adx

Memory: 4k page, physical 16641840k(7961652k free), swap 19713840k(5136k free)

vm_info: Java HotSpot(TM) 64-Bit Server VM (25.201-b09) for windows-amd64 JRE (1.8.0_201-b09), built on Dec 15 2018 18:36:39 by "java_re" with MS VC++ 10.0 (VS2010)

time: Sun Jan 29 13:57:20 2023
timezone: 中国标准时间
elapsed time: 2 seconds (0d 0h 0m 2s)

