#
# There is insufficient memory for the Java Runtime Environment to continue.
# Native memory allocation (malloc) failed to allocate 32744 bytes for ChunkPool::allocate
# Possible reasons:
#   The system is out of physical RAM or swap space
#   The process is running with CompressedOops enabled, and the Java Heap may be blocking the growth of the native heap
# Possible solutions:
#   Reduce memory load on the system
#   Increase physical memory or swap space
#   Check if swap backing store is full
#   Decrease Java heap size (-Xmx/-Xms)
#   Decrease number of Java threads
#   Decrease Java thread stack sizes (-Xss)
#   Set larger code cache with -XX:ReservedCodeCacheSize=
#   JVM is running with Zero Based Compressed Oops mode in which the Java heap is
#     placed in the first 32GB address space. The Java Heap base address is the
#     maximum limit for the native heap growth. Please use -XX:HeapBaseMinAddress
#     to set the Java Heap base and to place the Java Heap above 32GB virtual address.
# This output file may be truncated or incomplete.
#
#  Out of Memory Error (allocation.cpp:273), pid=34060, tid=0x0000000000007438
#
# JRE version: Java(TM) SE Runtime Environment (8.0_201-b09) (build 1.8.0_201-b09)
# Java VM: Java HotSpot(TM) 64-Bit Server VM (25.201-b09 mixed mode windows-amd64 compressed oops)
# Failed to write core dump. Minidumps are not enabled by default on client versions of Windows
#

---------------  T H R E A D  ---------------

Current thread (0x000000001e601000):  JavaThread "C2 CompilerThread1" daemon [_thread_in_vm, id=29752, stack(0x000000001ef20000,0x000000001f020000)]

Stack: [0x000000001ef20000,0x000000001f020000]
[error occurred during error reporting (printing stack bounds), id 0xc0000005]

Native frames: (J=compiled Java code, j=interpreted, Vv=VM code, C=native code)


Current CompileTask:
C2: 138937 2449       4       sun.awt.SunToolkit::isDispatchThreadForAppContext (28 bytes)


---------------  P R O C E S S  ---------------

Java Threads: ( => current thread )
  0x0000000020ec7800 JavaThread "TimerQueue" daemon [_thread_blocked, id=24000, stack(0x00000000233f0000,0x00000000234f0000)]
  0x0000000020ec1800 JavaThread "AWT-EventQueue-0" [_thread_in_native, id=15332, stack(0x0000000022600000,0x0000000022700000)]
  0x0000000020ec5800 JavaThread "DestroyJavaVM" [_thread_blocked, id=10056, stack(0x0000000002910000,0x0000000002a10000)]
  0x0000000020ec8800 JavaThread "pool-1-thread-3" [_thread_in_native, id=4788, stack(0x00000000224c0000,0x00000000225c0000)]
  0x0000000020f1a800 JavaThread "AWT-Shutdown" [_thread_blocked, id=33496, stack(0x00000000223c0000,0x00000000224c0000)]
  0x0000000020f19800 JavaThread "pool-1-thread-2" [_thread_blocked, id=33832, stack(0x00000000221c0000,0x00000000222c0000)]
  0x000000001fba7800 JavaThread "pool-1-thread-1" [_thread_blocked, id=33988, stack(0x00000000220c0000,0x00000000221c0000)]
  0x000000001f6b0000 JavaThread "Thread-2" daemon [_thread_in_native, id=24248, stack(0x0000000020200000,0x0000000020300000)]
  0x000000001f74a000 JavaThread "EventQueueMonitor-ComponentEvtDispatch" daemon [_thread_blocked, id=31928, stack(0x0000000020100000,0x0000000020200000)]
  0x000000001f51b800 JavaThread "AWT-Windows" daemon [_thread_in_native, id=28172, stack(0x000000001ff00000,0x0000000020000000)]
  0x000000001f51a000 JavaThread "Java2D Disposer" daemon [_thread_blocked, id=22832, stack(0x000000001fcd0000,0x000000001fdd0000)]
  0x000000001e6c7000 JavaThread "Service Thread" daemon [_thread_blocked, id=23668, stack(0x000000001f220000,0x000000001f320000)]
  0x000000001e619000 JavaThread "C1 CompilerThread3" daemon [_thread_blocked, id=34960, stack(0x000000001f120000,0x000000001f220000)]
  0x000000001e603000 JavaThread "C2 CompilerThread2" daemon [_thread_in_native, id=29868, stack(0x000000001f020000,0x000000001f120000)]
=>0x000000001e601000 JavaThread "C2 CompilerThread1" daemon [_thread_in_vm, id=29752, stack(0x000000001ef20000,0x000000001f020000)]
  0x000000001e5ff000 JavaThread "C2 CompilerThread0" daemon [_thread_in_native, id=13820, stack(0x000000001ee20000,0x000000001ef20000)]
  0x000000001e609000 JavaThread "Monitor Ctrl-Break" daemon [_thread_in_native, id=27340, stack(0x000000001ed20000,0x000000001ee20000)]
  0x000000001e54d800 JavaThread "Attach Listener" daemon [_thread_blocked, id=33416, stack(0x000000001ec20000,0x000000001ed20000)]
  0x000000001e5b8800 JavaThread "Signal Dispatcher" daemon [_thread_blocked, id=30840, stack(0x000000001eb20000,0x000000001ec20000)]
  0x000000001e541000 JavaThread "Finalizer" daemon [_thread_blocked, id=25796, stack(0x000000001ea20000,0x000000001eb20000)]
  0x000000001e540800 JavaThread "Reference Handler" daemon [_thread_blocked, id=30360, stack(0x000000001e920000,0x000000001ea20000)]

Other Threads:
  0x000000001c738800 VMThread [stack: 0x000000001e420000,0x000000001e520000] [id=28728]
  0x000000001e6cc800 WatcherThread [stack: 0x000000001f320000,0x000000001f420000] [id=24944]

VM state:not at safepoint (normal execution)

VM Mutex/Monitor currently owned by a thread: None

heap address: 0x00000006c2000000, size: 4064 MB, Compressed Oops mode: Zero based, Oop shift amount: 3
Narrow klass base: 0x0000000000000000, Narrow klass shift: 3
Compressed class space size: 1073741824 Address: 0x00000007c0000000

Heap:
 PSYoungGen      total 74240K, used 11359K [0x000000076b580000, 0x0000000778f80000, 0x00000007c0000000)
  eden space 63488K, 4% used [0x000000076b580000,0x000000076b884e90,0x000000076f380000)
  from space 10752K, 76% used [0x000000076f500000,0x000000076fd12fc0,0x000000076ff80000)
  to   space 79872K, 0% used [0x0000000774180000,0x0000000774180000,0x0000000778f80000)
 ParOldGen       total 173568K, used 100883K [0x00000006c2000000, 0x00000006cc980000, 0x000000076b580000)
  object space 173568K, 58% used [0x00000006c2000000,0x00000006c8284d10,0x00000006cc980000)
 Metaspace       used 13971K, capacity 14216K, committed 14336K, reserved 1062912K
  class space    used 1639K, capacity 1749K, committed 1792K, reserved 1048576K

Card table byte_map: [0x0000000012110000,0x0000000012910000] byte_map_base: 0x000000000eb00000

Marking Bits: (ParMarkBitMap*) 0x0000000076ea4ce0
 Begin Bits: [0x0000000013660000, 0x00000000175e0000)
 End Bits:   [0x00000000175e0000, 0x000000001b560000)

Polling page: 0x00000000024f0000

CodeCache: size=245760Kb used=8081Kb max_used=8988Kb free=237679Kb
 bounds [0x0000000002d50000, 0x0000000003640000, 0x0000000011d50000]
 total_blobs=2622 nmethods=2100 adapters=433
 compilation: enabled

Compilation events (10 events):
Event: 138.918 Thread 0x000000001e619000 2444       3       java.lang.invoke.LambdaForm$MH/729145635::linkToTargetMethod (9 bytes)
Event: 138.918 Thread 0x000000001e619000 nmethod 2444 0x0000000002ffd190 code [0x0000000002ffd300, 0x0000000002ffd6f8]
Event: 138.918 Thread 0x000000001e619000 2445       3       java.lang.invoke.LambdaForm$DMH/644117698::invokeStatic_L_L (14 bytes)
Event: 138.919 Thread 0x000000001e619000 nmethod 2445 0x0000000002f09ad0 code [0x0000000002f09c60, 0x0000000002f0a0b8]
Event: 138.919 Thread 0x000000001e619000 2446       3       javax.swing.JComponent$$Lambda$15/851864369::get$Lambda (9 bytes)
Event: 138.919 Thread 0x000000001e619000 nmethod 2446 0x000000000308ae90 code [0x000000000308b000, 0x000000000308b250]
Event: 138.919 Thread 0x000000001e619000 2447       3       javax.swing.JComponent$$Lambda$15/851864369::<init> (10 bytes)
Event: 138.919 Thread 0x000000001e619000 nmethod 2447 0x0000000003120750 code [0x00000000031208a0, 0x0000000003120a70]
Event: 138.930 Thread 0x000000001e5ff000 2448       4       javax.swing.JComponent::revalidate (53 bytes)
Event: 138.935 Thread 0x000000001e601000 2449       4       sun.awt.SunToolkit::isDispatchThreadForAppContext (28 bytes)

GC Heap History (10 events):
Event: 3.122 GC heap before
{Heap before GC invocations=1 (full 0):
 PSYoungGen      total 75776K, used 63960K [0x000000076b580000, 0x0000000770a00000, 0x00000007c0000000)
  eden space 65024K, 98% used [0x000000076b580000,0x000000076f3f6308,0x000000076f500000)
  from space 10752K, 0% used [0x000000076ff80000,0x000000076ff80000,0x0000000770a00000)
  to   space 10752K, 0% used [0x000000076f500000,0x000000076f500000,0x000000076ff80000)
 ParOldGen       total 173568K, used 0K [0x00000006c2000000, 0x00000006cc980000, 0x000000076b580000)
  object space 173568K, 0% used [0x00000006c2000000,0x00000006c2000000,0x00000006cc980000)
 Metaspace       used 11651K, capacity 11926K, committed 12032K, reserved 1060864K
  class space    used 1394K, capacity 1524K, committed 1536K, reserved 1048576K
Event: 3.129 GC heap after
Heap after GC invocations=1 (full 0):
 PSYoungGen      total 75776K, used 10744K [0x000000076b580000, 0x0000000770a00000, 0x00000007c0000000)
  eden space 65024K, 0% used [0x000000076b580000,0x000000076b580000,0x000000076f500000)
  from space 10752K, 99% used [0x000000076f500000,0x000000076ff7e230,0x000000076ff80000)
  to   space 10752K, 0% used [0x000000076ff80000,0x000000076ff80000,0x0000000770a00000)
 ParOldGen       total 173568K, used 35940K [0x00000006c2000000, 0x00000006cc980000, 0x000000076b580000)
  object space 173568K, 20% used [0x00000006c2000000,0x00000006c43191e8,0x00000006cc980000)
 Metaspace       used 11651K, capacity 11926K, committed 12032K, reserved 1060864K
  class space    used 1394K, capacity 1524K, committed 1536K, reserved 1048576K
}
Event: 16.882 GC heap before
{Heap before GC invocations=2 (full 0):
 PSYoungGen      total 75776K, used 75768K [0x000000076b580000, 0x0000000770a00000, 0x00000007c0000000)
  eden space 65024K, 100% used [0x000000076b580000,0x000000076f500000,0x000000076f500000)
  from space 10752K, 99% used [0x000000076f500000,0x000000076ff7e230,0x000000076ff80000)
  to   space 10752K, 0% used [0x000000076ff80000,0x000000076ff80000,0x0000000770a00000)
 ParOldGen       total 173568K, used 35940K [0x00000006c2000000, 0x00000006cc980000, 0x000000076b580000)
  object space 173568K, 20% used [0x00000006c2000000,0x00000006c43191e8,0x00000006cc980000)
 Metaspace       used 13741K, capacity 13992K, committed 14336K, reserved 1062912K
  class space    used 1605K, capacity 1717K, committed 1792K, reserved 1048576K
Event: 16.896 GC heap after
Heap after GC invocations=2 (full 0):
 PSYoungGen      total 75776K, used 10744K [0x000000076b580000, 0x0000000770a00000, 0x00000007c0000000)
  eden space 65024K, 0% used [0x000000076b580000,0x000000076b580000,0x000000076f500000)
  from space 10752K, 99% used [0x000000076ff80000,0x00000007709fe250,0x0000000770a00000)
  to   space 10752K, 0% used [0x000000076f500000,0x000000076f500000,0x000000076ff80000)
 ParOldGen       total 173568K, used 91964K [0x00000006c2000000, 0x00000006cc980000, 0x000000076b580000)
  object space 173568K, 52% used [0x00000006c2000000,0x00000006c79cf2c0,0x00000006cc980000)
 Metaspace       used 13741K, capacity 13992K, committed 14336K, reserved 1062912K
  class space    used 1605K, capacity 1717K, committed 1792K, reserved 1048576K
}
Event: 57.260 GC heap before
{Heap before GC invocations=3 (full 0):
 PSYoungGen      total 75776K, used 75768K [0x000000076b580000, 0x0000000770a00000, 0x00000007c0000000)
  eden space 65024K, 100% used [0x000000076b580000,0x000000076f500000,0x000000076f500000)
  from space 10752K, 99% used [0x000000076ff80000,0x00000007709fe250,0x0000000770a00000)
  to   space 10752K, 0% used [0x000000076f500000,0x000000076f500000,0x000000076ff80000)
 ParOldGen       total 173568K, used 91964K [0x00000006c2000000, 0x00000006cc980000, 0x000000076b580000)
  object space 173568K, 52% used [0x00000006c2000000,0x00000006c79cf2c0,0x00000006cc980000)
 Metaspace       used 13766K, capacity 13992K, committed 14336K, reserved 1062912K
  class space    used 1607K, capacity 1717K, committed 1792K, reserved 1048576K
Event: 57.263 GC heap after
Heap after GC invocations=3 (full 0):
 PSYoungGen      total 75776K, used 8203K [0x000000076b580000, 0x0000000770a00000, 0x00000007c0000000)
  eden space 65024K, 0% used [0x000000076b580000,0x000000076b580000,0x000000076f500000)
  from space 10752K, 76% used [0x000000076f500000,0x000000076fd02fc0,0x000000076ff80000)
  to   space 10752K, 0% used [0x000000076ff80000,0x000000076ff80000,0x0000000770a00000)
 ParOldGen       total 173568K, used 94937K [0x00000006c2000000, 0x00000006cc980000, 0x000000076b580000)
  object space 173568K, 54% used [0x00000006c2000000,0x00000006c7cb6630,0x00000006cc980000)
 Metaspace       used 13766K, capacity 13992K, committed 14336K, reserved 1062912K
  class space    used 1607K, capacity 1717K, committed 1792K, reserved 1048576K
}
Event: 92.311 GC heap before
{Heap before GC invocations=4 (full 0):
 PSYoungGen      total 75776K, used 73227K [0x000000076b580000, 0x0000000770a00000, 0x00000007c0000000)
  eden space 65024K, 100% used [0x000000076b580000,0x000000076f500000,0x000000076f500000)
  from space 10752K, 76% used [0x000000076f500000,0x000000076fd02fc0,0x000000076ff80000)
  to   space 10752K, 0% used [0x000000076ff80000,0x000000076ff80000,0x0000000770a00000)
 ParOldGen       total 173568K, used 94937K [0x00000006c2000000, 0x00000006cc980000, 0x000000076b580000)
  object space 173568K, 54% used [0x00000006c2000000,0x00000006c7cb6630,0x00000006cc980000)
 Metaspace       used 13769K, capacity 13992K, committed 14336K, reserved 1062912K
  class space    used 1607K, capacity 1717K, committed 1792K, reserved 1048576K
Event: 92.314 GC heap after
Heap after GC invocations=4 (full 0):
 PSYoungGen      total 75776K, used 8163K [0x000000076b580000, 0x0000000770a00000, 0x00000007c0000000)
  eden space 65024K, 0% used [0x000000076b580000,0x000000076b580000,0x000000076f500000)
  from space 10752K, 75% used [0x000000076ff80000,0x0000000770778fa0,0x0000000770a00000)
  to   space 10752K, 0% used [0x000000076f500000,0x000000076f500000,0x000000076ff80000)
 ParOldGen       total 173568K, used 97910K [0x00000006c2000000, 0x00000006cc980000, 0x000000076b580000)
  object space 173568K, 56% used [0x00000006c2000000,0x00000006c7f9d9a0,0x00000006cc980000)
 Metaspace       used 13769K, capacity 13992K, committed 14336K, reserved 1062912K
  class space    used 1607K, capacity 1717K, committed 1792K, reserved 1048576K
}
Event: 137.005 GC heap before
{Heap before GC invocations=5 (full 0):
 PSYoungGen      total 75776K, used 73187K [0x000000076b580000, 0x0000000770a00000, 0x00000007c0000000)
  eden space 65024K, 100% used [0x000000076b580000,0x000000076f500000,0x000000076f500000)
  from space 10752K, 75% used [0x000000076ff80000,0x0000000770778fa0,0x0000000770a00000)
  to   space 10752K, 0% used [0x000000076f500000,0x000000076f500000,0x000000076ff80000)
 ParOldGen       total 173568K, used 97910K [0x00000006c2000000, 0x00000006cc980000, 0x000000076b580000)
  object space 173568K, 56% used [0x00000006c2000000,0x00000006c7f9d9a0,0x00000006cc980000)
 Metaspace       used 13970K, capacity 14216K, committed 14336K, reserved 1062912K
  class space    used 1639K, capacity 1749K, committed 1792K, reserved 1048576K
Event: 137.009 GC heap after
Heap after GC invocations=5 (full 0):
 PSYoungGen      total 74240K, used 8267K [0x000000076b580000, 0x0000000778f80000, 0x00000007c0000000)
  eden space 63488K, 0% used [0x000000076b580000,0x000000076b580000,0x000000076f380000)
  from space 10752K, 76% used [0x000000076f500000,0x000000076fd12fc0,0x000000076ff80000)
  to   space 79872K, 0% used [0x0000000774180000,0x0000000774180000,0x0000000778f80000)
 ParOldGen       total 173568K, used 100883K [0x00000006c2000000, 0x00000006cc980000, 0x000000076b580000)
  object space 173568K, 58% used [0x00000006c2000000,0x00000006c8284d10,0x00000006cc980000)
 Metaspace       used 13970K, capacity 14216K, committed 14336K, reserved 1062912K
  class space    used 1639K, capacity 1749K, committed 1792K, reserved 1048576K
}

Deoptimization events (10 events):
Event: 129.622 Thread 0x0000000020ec1800 Uncommon trap: reason=class_check action=maybe_recompile pc=0x00000000035c6f14 method=javax.swing.Timer.fireActionPerformed(Ljava/awt/event/ActionEvent;)V @ 30
Event: 129.629 Thread 0x0000000020ec1800 Uncommon trap: reason=bimorphic action=maybe_recompile pc=0x000000000357e5a0 method=java.awt.Container.invalidate()V @ 19
Event: 129.629 Thread 0x0000000020ec1800 Uncommon trap: reason=class_check action=maybe_recompile pc=0x0000000003570678 method=javax.swing.RepaintManager.validateInvalidComponents()V @ 55
Event: 129.660 Thread 0x0000000020ec1800 Uncommon trap: reason=bimorphic action=maybe_recompile pc=0x000000000357e5a0 method=java.awt.Container.invalidate()V @ 19
Event: 129.660 Thread 0x0000000020ec1800 Uncommon trap: reason=class_check action=maybe_recompile pc=0x0000000003570678 method=javax.swing.RepaintManager.validateInvalidComponents()V @ 55
Event: 129.692 Thread 0x0000000020ec1800 Uncommon trap: reason=bimorphic action=maybe_recompile pc=0x00000000034d3694 method=java.awt.Container.invalidate()V @ 19
Event: 129.723 Thread 0x0000000020ec1800 Uncommon trap: reason=unstable_if action=reinterpret pc=0x0000000003591dc8 method=javax.swing.text.FieldView.getPreferredSpan(I)F @ 64
Event: 129.725 Thread 0x0000000020ec1800 Uncommon trap: reason=unstable_if action=reinterpret pc=0x000000000357886c method=javax.swing.text.Utilities.drawTabbedText(Ljavax/swing/text/View;Ljavax/swing/text/Segment;IILjava/awt/Graphics;Ljavax/swing/text/TabExpander;I[I)I @ 386
Event: 130.236 Thread 0x0000000020ec1800 Uncommon trap: reason=class_check action=maybe_recompile pc=0x00000000035c5f7c method=javax.swing.Timer.fireActionPerformed(Ljava/awt/event/ActionEvent;)V @ 30
Event: 132.893 Thread 0x0000000020ec7800 Uncommon trap: reason=unstable_if action=reinterpret pc=0x000000000352f244 method=java.util.concurrent.locks.AbstractQueuedSynchronizer.enq(Ljava/util/concurrent/locks/AbstractQueuedSynchronizer$Node;)Ljava/util/concurrent/locks/AbstractQueuedSynchronizer

Classes redefined (0 events):
No events

Internal exceptions (10 events):
Event: 119.133 Thread 0x0000000020ec8800 Exception <a 'java/net/ConnectException': Connection refused: connect> (0x000000076b67a608) thrown at [C:\re\workspace\8-2-build-windows-amd64-cygwin\jdk8u201\12322\hotspot\src\share\vm\prims\jni.cpp, line 735]
Event: 121.160 Thread 0x0000000020ec8800 Exception <a 'java/net/ConnectException': Connection refused: connect> (0x000000076b67b380) thrown at [C:\re\workspace\8-2-build-windows-amd64-cygwin\jdk8u201\12322\hotspot\src\share\vm\prims\jni.cpp, line 735]
Event: 123.192 Thread 0x0000000020ec8800 Exception <a 'java/net/ConnectException': Connection refused: connect> (0x000000076b67c0f8) thrown at [C:\re\workspace\8-2-build-windows-amd64-cygwin\jdk8u201\12322\hotspot\src\share\vm\prims\jni.cpp, line 735]
Event: 125.237 Thread 0x0000000020ec8800 Exception <a 'java/net/ConnectException': Connection refused: connect> (0x000000076b67ce70) thrown at [C:\re\workspace\8-2-build-windows-amd64-cygwin\jdk8u201\12322\hotspot\src\share\vm\prims\jni.cpp, line 735]
Event: 127.283 Thread 0x0000000020ec8800 Exception <a 'java/net/ConnectException': Connection refused: connect> (0x000000076b67dde0) thrown at [C:\re\workspace\8-2-build-windows-amd64-cygwin\jdk8u201\12322\hotspot\src\share\vm\prims\jni.cpp, line 735]
Event: 129.325 Thread 0x0000000020ec8800 Exception <a 'java/net/ConnectException': Connection refused: connect> (0x000000076b67eb58) thrown at [C:\re\workspace\8-2-build-windows-amd64-cygwin\jdk8u201\12322\hotspot\src\share\vm\prims\jni.cpp, line 735]
Event: 131.349 Thread 0x0000000020ec8800 Exception <a 'java/net/ConnectException': Connection refused: connect> (0x000000076b67f8d0) thrown at [C:\re\workspace\8-2-build-windows-amd64-cygwin\jdk8u201\12322\hotspot\src\share\vm\prims\jni.cpp, line 735]
Event: 133.381 Thread 0x0000000020ec8800 Exception <a 'java/net/ConnectException': Connection refused: connect> (0x000000076b680648) thrown at [C:\re\workspace\8-2-build-windows-amd64-cygwin\jdk8u201\12322\hotspot\src\share\vm\prims\jni.cpp, line 735]
Event: 135.431 Thread 0x0000000020ec8800 Exception <a 'java/net/ConnectException': Connection refused: connect> (0x000000076b6813c0) thrown at [C:\re\workspace\8-2-build-windows-amd64-cygwin\jdk8u201\12322\hotspot\src\share\vm\prims\jni.cpp, line 735]
Event: 137.440 Thread 0x0000000020ec8800 Exception <a 'java/net/ConnectException': Connection refused: connect> (0x000000076b6828d0) thrown at [C:\re\workspace\8-2-build-windows-amd64-cygwin\jdk8u201\12322\hotspot\src\share\vm\prims\jni.cpp, line 735]

Events (10 events):
Event: 138.919 Thread 0x000000001e619000 flushing nmethod 0x0000000003422bd0
Event: 138.919 Thread 0x000000001e619000 flushing nmethod 0x0000000003424750
Event: 138.919 Thread 0x000000001e619000 flushing nmethod 0x0000000003427090
Event: 138.919 Thread 0x000000001e619000 flushing nmethod 0x0000000003433110
Event: 138.919 Thread 0x000000001e619000 flushing nmethod 0x0000000003433b90
Event: 138.919 Thread 0x000000001e619000 flushing nmethod 0x000000000343fc90
Event: 138.919 Thread 0x000000001e619000 flushing nmethod 0x000000000343ff90
Event: 138.919 Thread 0x000000001e619000 flushing nmethod 0x0000000003440290
Event: 138.919 Thread 0x000000001e619000 flushing nmethod 0x0000000003443fd0
Event: 138.919 Thread 0x000000001e619000 flushing nmethod 0x00000000034babd0


Dynamic libraries:
0x00007ff7bdb90000 - 0x00007ff7bdbc7000 	D:\Java\jdk1.8.0_201\bin\java.exe
0x00007ffea7fd0000 - 0x00007ffea81c8000 	C:\WINDOWS\SYSTEM32\ntdll.dll
0x00007ffea74f0000 - 0x00007ffea75af000 	C:\WINDOWS\System32\KERNEL32.DLL
0x00007ffea5990000 - 0x00007ffea5c62000 	C:\WINDOWS\System32\KERNELBASE.dll
0x00007ffea7ee0000 - 0x00007ffea7f8e000 	C:\WINDOWS\System32\ADVAPI32.dll
0x00007ffea6920000 - 0x00007ffea69be000 	C:\WINDOWS\System32\msvcrt.dll
0x00007ffea67b0000 - 0x00007ffea684c000 	C:\WINDOWS\System32\sechost.dll
0x00007ffea75b0000 - 0x00007ffea76d5000 	C:\WINDOWS\System32\RPCRT4.dll
0x00007ffea7340000 - 0x00007ffea74e1000 	C:\WINDOWS\System32\USER32.dll
0x00007ffea5960000 - 0x00007ffea5982000 	C:\WINDOWS\System32\win32u.dll
0x00007ffea6140000 - 0x00007ffea616b000 	C:\WINDOWS\System32\GDI32.dll
0x00007ffea5ca0000 - 0x00007ffea5daf000 	C:\WINDOWS\System32\gdi32full.dll
0x00007ffea58c0000 - 0x00007ffea595d000 	C:\WINDOWS\System32\msvcp_win.dll
0x00007ffea5750000 - 0x00007ffea5850000 	C:\WINDOWS\System32\ucrtbase.dll
0x00007ffe8e820000 - 0x00007ffe8eaba000 	C:\WINDOWS\WinSxS\amd64_microsoft.windows.common-controls_6595b64144ccf1df_6.0.19041.1110_none_60b5254171f9507e\COMCTL32.dll
0x00007ffea6770000 - 0x00007ffea67a2000 	C:\WINDOWS\System32\IMM32.DLL
0x0000000076f30000 - 0x0000000077001000 	D:\Java\jdk1.8.0_201\jre\bin\msvcr100.dll
0x0000000076680000 - 0x0000000076f24000 	D:\Java\jdk1.8.0_201\jre\bin\server\jvm.dll
0x00007ffea7200000 - 0x00007ffea7208000 	C:\WINDOWS\System32\PSAPI.DLL
0x00007ffe9aa20000 - 0x00007ffe9aa2a000 	C:\WINDOWS\SYSTEM32\VERSION.dll
0x00007ffe91280000 - 0x00007ffe912a7000 	C:\WINDOWS\SYSTEM32\WINMM.dll
0x00007ffea28e0000 - 0x00007ffea28e9000 	C:\WINDOWS\SYSTEM32\WSOCK32.dll
0x00007ffea77f0000 - 0x00007ffea785b000 	C:\WINDOWS\System32\WS2_32.dll
0x00007ffe9e410000 - 0x00007ffe9e41f000 	D:\Java\jdk1.8.0_201\jre\bin\verify.dll
0x00007ffe8f780000 - 0x00007ffe8f7a9000 	D:\Java\jdk1.8.0_201\jre\bin\java.dll
0x00007ffe8d570000 - 0x00007ffe8d593000 	D:\Java\jdk1.8.0_201\jre\bin\instrument.dll
0x00007ffe906e0000 - 0x00007ffe906f6000 	D:\Java\jdk1.8.0_201\jre\bin\zip.dll
0x00007ffea6ab0000 - 0x00007ffea71f4000 	C:\WINDOWS\System32\SHELL32.dll
0x00007ffea3720000 - 0x00007ffea3eb2000 	C:\WINDOWS\SYSTEM32\windows.storage.dll
0x00007ffea7b00000 - 0x00007ffea7e55000 	C:\WINDOWS\System32\combase.dll
0x00007ffea5120000 - 0x00007ffea5150000 	C:\WINDOWS\SYSTEM32\Wldp.dll
0x00007ffea66c0000 - 0x00007ffea676d000 	C:\WINDOWS\System32\SHCORE.dll
0x00007ffea78f0000 - 0x00007ffea7945000 	C:\WINDOWS\System32\shlwapi.dll
0x00007ffea5600000 - 0x00007ffea561f000 	C:\WINDOWS\SYSTEM32\profapi.dll
0x00007ffe8cbe0000 - 0x00007ffe8cbfa000 	D:\IntelliJ IDEA 2021.3.3\bin\breakgen64.dll
0x00007ffe8f760000 - 0x00007ffe8f77a000 	D:\java\jdk1.8.0_201\jre\bin\net.dll
0x00007ffe93a80000 - 0x00007ffe93c6d000 	C:\WINDOWS\SYSTEM32\urlmon.dll
0x00007ffe93a50000 - 0x00007ffe93a78000 	C:\WINDOWS\SYSTEM32\srvcli.dll
0x00007ffe94120000 - 0x00007ffe943d1000 	C:\WINDOWS\SYSTEM32\iertutil.dll
0x00007ffea4b30000 - 0x00007ffea4b3c000 	C:\WINDOWS\SYSTEM32\netutils.dll
0x00007ffea4e60000 - 0x00007ffea4eca000 	C:\WINDOWS\system32\mswsock.dll
0x00007ffe47e90000 - 0x00007ffe48029000 	D:\java\jdk1.8.0_201\jre\bin\awt.dll
0x00007ffea6850000 - 0x00007ffea691d000 	C:\WINDOWS\System32\OLEAUT32.dll
0x00007ffea2960000 - 0x00007ffea29f1000 	C:\WINDOWS\SYSTEM32\apphelp.dll
0x00007ffea2dd0000 - 0x00007ffea2dff000 	C:\WINDOWS\system32\DWMAPI.DLL
0x00007ffea2ab0000 - 0x00007ffea2b4e000 	C:\WINDOWS\system32\uxtheme.dll
0x00007ffe8e6d0000 - 0x00007ffe8e7f5000 	C:\WINDOWS\system32\opengl32.dll
0x00007ffe8eae0000 - 0x00007ffe8eb0c000 	C:\WINDOWS\SYSTEM32\GLU32.dll
0x00007ffea7210000 - 0x00007ffea7325000 	C:\WINDOWS\System32\MSCTF.dll
0x00007ffea6010000 - 0x00007ffea613a000 	C:\WINDOWS\System32\ole32.dll
0x00007ffea3ed0000 - 0x00007ffea3ee2000 	C:\WINDOWS\SYSTEM32\kernel.appcore.dll
0x00007ffea56c0000 - 0x00007ffea5742000 	C:\WINDOWS\System32\bcryptPrimitives.dll
0x00007ffe44970000 - 0x00007ffe44995000 	D:\网易有道词典\Dict\9.1.6.0\WordStrokeHelper64.dll
0x00007ffe85600000 - 0x00007ffe85626000 	D:\java\jdk1.8.0_201\jre\bin\JavaAccessBridge-64.dll
0x00007ffe9e320000 - 0x00007ffe9e327000 	D:\java\jdk1.8.0_201\jre\bin\jawt.dll
0x00007ffe9bad0000 - 0x00007ffe9bad7000 	D:\java\jdk1.8.0_201\jre\bin\JAWTAccessBridge-64.dll
0x00007ffe70250000 - 0x00007ffe70297000 	D:\java\jdk1.8.0_201\jre\bin\fontmanager.dll
0x00007ffe8d5c0000 - 0x00007ffe8d5d1000 	D:\java\jdk1.8.0_201\jre\bin\nio.dll
0x00007ffe68fc0000 - 0x00007ffe69002000 	D:\java\jdk1.8.0_201\jre\bin\t2k.dll
0x00007ffea5080000 - 0x00007ffea5098000 	C:\WINDOWS\SYSTEM32\CRYPTSP.dll
0x00007ffea46f0000 - 0x00007ffea4724000 	C:\WINDOWS\system32\rsaenh.dll
0x00007ffea5c70000 - 0x00007ffea5c97000 	C:\WINDOWS\System32\bcrypt.dll
0x00007ffea55c0000 - 0x00007ffea55ee000 	C:\WINDOWS\SYSTEM32\USERENV.dll
0x00007ffea5070000 - 0x00007ffea507c000 	C:\WINDOWS\SYSTEM32\CRYPTBASE.dll
0x00007ffea4af0000 - 0x00007ffea4b2b000 	C:\WINDOWS\SYSTEM32\IPHLPAPI.DLL
0x00007ffea7860000 - 0x00007ffea7868000 	C:\WINDOWS\System32\NSI.dll
0x00007ffe9d040000 - 0x00007ffe9d057000 	C:\WINDOWS\SYSTEM32\dhcpcsvc6.DLL
0x00007ffe9d020000 - 0x00007ffe9d03d000 	C:\WINDOWS\SYSTEM32\dhcpcsvc.DLL
0x00007ffea4b40000 - 0x00007ffea4c0a000 	C:\WINDOWS\SYSTEM32\DNSAPI.dll
0x00007ffe8ad70000 - 0x00007ffe8ada3000 	C:\Program Files (x86)\Sangfor\SSL\ClientComponent\SangforNspX64.dll
0x00007ffe9e2f0000 - 0x00007ffe9e2fa000 	C:\Windows\System32\rasadhlp.dll
0x00007ffe99220000 - 0x00007ffe992a0000 	C:\WINDOWS\System32\fwpuclnt.dll
0x00007ffea7740000 - 0x00007ffea77ef000 	C:\WINDOWS\System32\clbcatq.dll
0x00007ffe9d060000 - 0x00007ffe9d214000 	C:\WINDOWS\SYSTEM32\WindowsCodecs.dll
0x00007ffe738c0000 - 0x00007ffe738fe000 	C:\WINDOWS\system32\dataexchange.dll
0x00007ffea1e60000 - 0x00007ffea2043000 	C:\WINDOWS\system32\dcomp.dll
0x00007ffea0d60000 - 0x00007ffea0fc3000 	C:\WINDOWS\system32\d3d11.dll
0x00007ffea3f40000 - 0x00007ffea4033000 	C:\WINDOWS\system32\dxgi.dll
0x00007ffe9d360000 - 0x00007ffe9d560000 	C:\WINDOWS\system32\twinapi.appcore.dll
0x00007ffe956e0000 - 0x00007ffe957d9000 	C:\WINDOWS\SYSTEM32\textinputframework.dll
0x00007ffea2730000 - 0x00007ffea2822000 	C:\WINDOWS\System32\CoreMessaging.dll
0x00007ffea23d0000 - 0x00007ffea272e000 	C:\WINDOWS\System32\CoreUIComponents.dll
0x00007ffea4810000 - 0x00007ffea4843000 	C:\WINDOWS\SYSTEM32\ntmarta.dll
0x00007ffea1bb0000 - 0x00007ffea1d04000 	C:\WINDOWS\SYSTEM32\wintypes.dll
0x00007ffe73d40000 - 0x00007ffe73d6a000 	D:\java\jdk1.8.0_201\jre\bin\dcpr.dll
0x00007ffe43f60000 - 0x00007ffe43f8a000 	C:\Windows\System32\Speech\SpeechUX\SpTip.dll

VM Arguments:
jvm_args: -javaagent:D:\IntelliJ IDEA 2021.3.3\lib\idea_rt.jar=8972:D:\IntelliJ IDEA 2021.3.3\bin -Dfile.encoding=UTF-8 
java_command: cn.com.Start
java_class_path (initial): D:\java\jdk1.8.0_201\jre\lib\charsets.jar;D:\java\jdk1.8.0_201\jre\lib\deploy.jar;D:\java\jdk1.8.0_201\jre\lib\ext\access-bridge-64.jar;D:\java\jdk1.8.0_201\jre\lib\ext\cldrdata.jar;D:\java\jdk1.8.0_201\jre\lib\ext\dnsns.jar;D:\java\jdk1.8.0_201\jre\lib\ext\jaccess.jar;D:\java\jdk1.8.0_201\jre\lib\ext\jfxrt.jar;D:\java\jdk1.8.0_201\jre\lib\ext\localedata.jar;D:\java\jdk1.8.0_201\jre\lib\ext\nashorn.jar;D:\java\jdk1.8.0_201\jre\lib\ext\sunec.jar;D:\java\jdk1.8.0_201\jre\lib\ext\sunjce_provider.jar;D:\java\jdk1.8.0_201\jre\lib\ext\sunmscapi.jar;D:\java\jdk1.8.0_201\jre\lib\ext\sunpkcs11.jar;D:\java\jdk1.8.0_201\jre\lib\ext\zipfs.jar;D:\java\jdk1.8.0_201\jre\lib\javaws.jar;D:\java\jdk1.8.0_201\jre\lib\jce.jar;D:\java\jdk1.8.0_201\jre\lib\jfr.jar;D:\java\jdk1.8.0_201\jre\lib\jfxswt.jar;D:\java\jdk1.8.0_201\jre\lib\jsse.jar;D:\java\jdk1.8.0_201\jre\lib\management-agent.jar;D:\java\jdk1.8.0_201\jre\lib\plugin.jar;D:\java\jdk1.8.0_201\jre\lib\resources.jar;D:\java\jdk1.8.0_201\jre\lib\rt.jar;D:\project\课程设计\JAVA聊天室\KaChat_Project\KaChat_Client\target\classes;D:\project\课程设计\JAVA聊天室\KaChat_Project\KaChat_Common\target\classes;D:\IntelliJ IDEA 2021.3.3\lib\idea_rt.jar
Launcher Type: SUN_STANDARD

Environment Variables:
JAVA_HOME=D:\java\jdk1.8.0_201
PATH=D:\Program Files (x86)\Common Files\Oracle\Java\javapath;D:\java\jdk1.8.0_201\bin;C:\Program Files\Microsoft MPI\Bin\;C:\Windows\system32;C:\Windows;C:\Windows\System32\Wbem;C:\Windows\System32\WindowsPowerShell\v1.0\;C:\Windows\System32\OpenSSH\;C:\Program Files (x86)\NVIDIA Corporation\PhysX\Common;C:\Program Files\NVIDIA Corporation\NVIDIA NvDLISR;C:\WINDOWS\system32;C:\WINDOWS;C:\WINDOWS\System32\Wbem;C:\WINDOWS\System32\WindowsPowerShell\v1.0\;C:\WINDOWS\System32\OpenSSH\;D:\sql serve\Client SDK\ODBC\170\Tools\Binn\;D:\Study\django_py\150\Tools\Binn\;D:\sql serve\150\Tools\Binn\;D:\sql serve\150\DTS\Binn\;D:\Study\django_py\150\DTS\Binn\;C:\Program Files\MySQL\MySQL Server 8.0\bin;D:\phpstudy_pro\Extensions\php\php7.3.4nts;D:\node.js\node_global\node_modules;D:\node_js\;D:\Git\Git\cmd;D:\小程序开发\微信web开发者工具\dll;D:\gettext;iconv\bin;D:\gettext\gettextinstall64\bin;C:\Program Files\Docker\Docker\resources\bin;C:\ProgramData\DockerDesktop\version-bin;C:\Program Files\Bandizip\;D:\xshell\;"C:\WINDOWS\system32;C:\WINDOWS;C:\WINDOWS\system32\WBEM";D:\java\maven\apache-maven-3.6.1\bin;C:\Program Files\MySQL\MySQL Shell 8.0\bin\;D:\acaconda;D:\acaconda\Library\mingw-w64\bin;D:\acaconda\Library\usr\bin;D:\acaconda\Library\bin;D:\acaconda\Scripts;C:\Users\86181\AppData\Local\Programs\Python\Python310\Scripts\;C:\Users\86181\AppData\Local\Programs\Python\Python310\;C:\Users\86181\AppData\Local\Microsoft\WindowsApps;D:\node.js\node_global;D:\node.js;C:\Users\86181\AppData\Roaming\npm;D:\PyCharm 2022.1\bin;;D:\Microsoft VS Code\bin;D:\gettext\gettextinstall64\bin;D:\Study\待办事项\todo.md;;D:\webstorm\WebStorm 2021.3.3\bin;
USERNAME=86181
OS=Windows_NT
PROCESSOR_IDENTIFIER=Intel64 Family 6 Model 165 Stepping 2, GenuineIntel



---------------  S Y S T E M  ---------------

OS: Windows 10.0 , 64 bit Build 19041 (10.0.19041.2364)

CPU:total 8 (initial active 8) (4 cores per cpu, 2 threads per core) family 6 model 165 stepping 2, cmov, cx8, fxsr, mmx, sse, sse2, sse3, ssse3, sse4.1, sse4.2, popcnt, avx, avx2, aes, clmul, erms, 3dnowpref, lzcnt, ht, tsc, tscinvbit, bmi1, bmi2, adx

Memory: 4k page, physical 16641840k(3852648k free), swap 19713840k(5324k free)

vm_info: Java HotSpot(TM) 64-Bit Server VM (25.201-b09) for windows-amd64 JRE (1.8.0_201-b09), built on Dec 15 2018 18:36:39 by "java_re" with MS VC++ 10.0 (VS2010)

time: Sun Jan 22 22:35:48 2023
timezone: 中国标准时间
elapsed time: 138 seconds (0d 0h 2m 18s)

