#
# There is insufficient memory for the Java Runtime Environment to continue.
# Native memory allocation (malloc) failed to allocate 1048576 bytes for AllocateHeap
# Possible reasons:
#   The system is out of physical RAM or swap space
#   The process is running with CompressedOops enabled, and the Java Heap may be blocking the growth of the native heap
# Possible solutions:
#   Reduce memory load on the system
#   Increase physical memory or swap space
#   Check if swap backing store is full
#   Decrease Java heap size (-Xmx/-Xms)
#   Decrease number of Java threads
#   Decrease Java thread stack sizes (-Xss)
#   Set larger code cache with -XX:ReservedCodeCacheSize=
#   JVM is running with Zero Based Compressed Oops mode in which the Java heap is
#     placed in the first 32GB address space. The Java Heap base address is the
#     maximum limit for the native heap growth. Please use -XX:HeapBaseMinAddress
#     to set the Java Heap base and to place the Java Heap above 32GB virtual address.
# This output file may be truncated or incomplete.
#
#  Out of Memory Error (memory/allocation.inline.hpp:61), pid=15676, tid=0x000000000000635c
#
# JRE version:  (8.0_201-b09) (build )
# Java VM: Java HotSpot(TM) 64-Bit Server VM (25.201-b09 mixed mode windows-amd64 compressed oops)
# Failed to write core dump. Minidumps are not enabled by default on client versions of Windows
#

---------------  T H R E A D  ---------------

Current thread (0x0000000002833800):  JavaThread "Unknown thread" [_thread_in_vm, id=25436, stack(0x0000000002630000,0x0000000002730000)]

Stack: [0x0000000002630000,0x0000000002730000]
[error occurred during error reporting (printing stack bounds), id 0xc0000005]

Native frames: (J=compiled Java code, j=interpreted, Vv=VM code, C=native code)


---------------  P R O C E S S  ---------------

Java Threads: ( => current thread )

Other Threads:

=>0x0000000002833800 (exited) JavaThread "Unknown thread" [_thread_in_vm, id=25436, stack(0x0000000002630000,0x0000000002730000)]

VM state:not at safepoint (normal execution)

VM Mutex/Monitor currently owned by a thread: None

heap address: 0x00000006c2000000, size: 4064 MB, Compressed Oops mode: Zero based, Oop shift amount: 3
Narrow klass base: 0x0000000000000000, Narrow klass shift: 3
Compressed class space size: 1073741824 Address: 0x00000007c0000000

Heap:
 PSYoungGen      total 75776K, used 1300K [0x000000076b580000, 0x0000000770a00000, 0x00000007c0000000)
  eden space 65024K, 2% used [0x000000076b580000,0x000000076b6c51f8,0x000000076f500000)
  from space 10752K, 0% used [0x000000076ff80000,0x000000076ff80000,0x0000000770a00000)
  to   space 10752K, 0% used [0x000000076f500000,0x000000076f500000,0x000000076ff80000)
 ParOldGen       total 173568K, used 0K [0x00000006c2000000, 0x00000006cc980000, 0x000000076b580000)
  object space 173568K, 0% used [0x00000006c2000000,0x00000006c2000000,0x00000006cc980000)
 Metaspace       used 775K, capacity 4480K, committed 4480K, reserved 1056768K
  class space    used 76K, capacity 384K, committed 384K, reserved 1048576K

Card table byte_map: [0x0000000011cf0000,0x00000000124f0000] byte_map_base: 0x000000000e6e0000

Marking Bits: (ParMarkBitMap*) 0x0000000066e54ce0
 Begin Bits: [0x0000000013240000, 0x00000000171c0000)
 End Bits:   [0x00000000171c0000, 0x000000001b140000)

Polling page: 0x0000000000640000

CodeCache: size=245760Kb used=328Kb max_used=328Kb free=245431Kb
 bounds [0x0000000002930000, 0x0000000002ba0000, 0x0000000011930000]
 total_blobs=58 nmethods=0 adapters=38
 compilation: enabled

Compilation events (0 events):
No events

GC Heap History (0 events):
No events

Deoptimization events (0 events):
No events

Classes redefined (0 events):
No events

Internal exceptions (0 events):
No events

Events (10 events):
Event: 0.030 loading class java/lang/Short
Event: 0.030 loading class java/lang/Short done
Event: 0.030 loading class java/lang/Integer
Event: 0.030 loading class java/lang/Integer done
Event: 0.030 loading class java/lang/Long
Event: 0.030 loading class java/lang/Long done
Event: 0.031 loading class java/lang/NullPointerException
Event: 0.031 loading class java/lang/NullPointerException done
Event: 0.032 loading class java/lang/ArithmeticException
Event: 0.032 loading class java/lang/ArithmeticException done


Dynamic libraries:
0x00007ff76a920000 - 0x00007ff76a957000 	D:\Java\jdk1.8.0_201\bin\java.exe
0x00007ffe08070000 - 0x00007ffe08268000 	C:\WINDOWS\SYSTEM32\ntdll.dll
0x00007ffe06b70000 - 0x00007ffe06c2f000 	C:\WINDOWS\System32\KERNEL32.DLL
0x00007ffe05870000 - 0x00007ffe05b42000 	C:\WINDOWS\System32\KERNELBASE.dll
0x00007ffe06c30000 - 0x00007ffe06cde000 	C:\WINDOWS\System32\ADVAPI32.dll
0x00007ffe07ce0000 - 0x00007ffe07d7e000 	C:\WINDOWS\System32\msvcrt.dll
0x00007ffe07f80000 - 0x00007ffe0801c000 	C:\WINDOWS\System32\sechost.dll
0x00007ffe06820000 - 0x00007ffe06945000 	C:\WINDOWS\System32\RPCRT4.dll
0x00007ffe06e70000 - 0x00007ffe07011000 	C:\WINDOWS\System32\USER32.dll
0x00007ffe05f20000 - 0x00007ffe05f42000 	C:\WINDOWS\System32\win32u.dll
0x00007ffe06d20000 - 0x00007ffe06d4b000 	C:\WINDOWS\System32\GDI32.dll
0x00007ffe05760000 - 0x00007ffe0586f000 	C:\WINDOWS\System32\gdi32full.dll
0x00007ffe05f50000 - 0x00007ffe05fed000 	C:\WINDOWS\System32\msvcp_win.dll
0x00007ffe05dd0000 - 0x00007ffe05ed0000 	C:\WINDOWS\System32\ucrtbase.dll
0x00007ffdee720000 - 0x00007ffdee9ba000 	C:\WINDOWS\WinSxS\amd64_microsoft.windows.common-controls_6595b64144ccf1df_6.0.19041.1110_none_60b5254171f9507e\COMCTL32.dll
0x00007ffe06ce0000 - 0x00007ffe06d12000 	C:\WINDOWS\System32\IMM32.DLL
0x0000000066ee0000 - 0x0000000066fb1000 	D:\Java\jdk1.8.0_201\jre\bin\msvcr100.dll
0x0000000066630000 - 0x0000000066ed4000 	D:\Java\jdk1.8.0_201\jre\bin\server\jvm.dll
0x00007ffe06810000 - 0x00007ffe06818000 	C:\WINDOWS\System32\PSAPI.DLL
0x00007ffdf2470000 - 0x00007ffdf2497000 	C:\WINDOWS\SYSTEM32\WINMM.dll
0x00007ffdebc00000 - 0x00007ffdebc09000 	C:\WINDOWS\SYSTEM32\WSOCK32.dll
0x00007ffdf9530000 - 0x00007ffdf953a000 	C:\WINDOWS\SYSTEM32\VERSION.dll
0x00007ffe07f10000 - 0x00007ffe07f7b000 	C:\WINDOWS\System32\WS2_32.dll
0x00007ffe029f0000 - 0x00007ffe029ff000 	D:\Java\jdk1.8.0_201\jre\bin\verify.dll
0x00007ffdffe00000 - 0x00007ffdffe29000 	D:\Java\jdk1.8.0_201\jre\bin\java.dll
0x00007ffdff9a0000 - 0x00007ffdff9c3000 	D:\Java\jdk1.8.0_201\jre\bin\instrument.dll
0x00007ffe00da0000 - 0x00007ffe00db6000 	D:\Java\jdk1.8.0_201\jre\bin\zip.dll

VM Arguments:
jvm_args: -javaagent:D:\IntelliJ IDEA 2021.3.3\lib\idea_rt.jar=7451:D:\IntelliJ IDEA 2021.3.3\bin -Dfile.encoding=UTF-8 
java_command: cn.com.Start
java_class_path (initial): D:\java\jdk1.8.0_201\jre\lib\charsets.jar;D:\java\jdk1.8.0_201\jre\lib\deploy.jar;D:\java\jdk1.8.0_201\jre\lib\ext\access-bridge-64.jar;D:\java\jdk1.8.0_201\jre\lib\ext\cldrdata.jar;D:\java\jdk1.8.0_201\jre\lib\ext\dnsns.jar;D:\java\jdk1.8.0_201\jre\lib\ext\jaccess.jar;D:\java\jdk1.8.0_201\jre\lib\ext\jfxrt.jar;D:\java\jdk1.8.0_201\jre\lib\ext\localedata.jar;D:\java\jdk1.8.0_201\jre\lib\ext\nashorn.jar;D:\java\jdk1.8.0_201\jre\lib\ext\sunec.jar;D:\java\jdk1.8.0_201\jre\lib\ext\sunjce_provider.jar;D:\java\jdk1.8.0_201\jre\lib\ext\sunmscapi.jar;D:\java\jdk1.8.0_201\jre\lib\ext\sunpkcs11.jar;D:\java\jdk1.8.0_201\jre\lib\ext\zipfs.jar;D:\java\jdk1.8.0_201\jre\lib\javaws.jar;D:\java\jdk1.8.0_201\jre\lib\jce.jar;D:\java\jdk1.8.0_201\jre\lib\jfr.jar;D:\java\jdk1.8.0_201\jre\lib\jfxswt.jar;D:\java\jdk1.8.0_201\jre\lib\jsse.jar;D:\java\jdk1.8.0_201\jre\lib\management-agent.jar;D:\java\jdk1.8.0_201\jre\lib\plugin.jar;D:\java\jdk1.8.0_201\jre\lib\resources.jar;D:\java\jdk1.8.0_201\jre\lib\rt.jar;D:\project\课程设计\JAVA聊天室\KaChat_Project\KaChat_Client\target\classes;D:\project\课程设计\JAVA聊天室\KaChat_Project\KaChat_Common\target\classes;D:\IntelliJ IDEA 2021.3.3\lib\idea_rt.jar
Launcher Type: SUN_STANDARD

Environment Variables:
JAVA_HOME=D:\java\jdk1.8.0_201
PATH=D:\Program Files (x86)\Common Files\Oracle\Java\javapath;D:\java\jdk1.8.0_201\bin;C:\Program Files\Microsoft MPI\Bin\;C:\Windows\system32;C:\Windows;C:\Windows\System32\Wbem;C:\Windows\System32\WindowsPowerShell\v1.0\;C:\Windows\System32\OpenSSH\;C:\Program Files (x86)\NVIDIA Corporation\PhysX\Common;C:\Program Files\NVIDIA Corporation\NVIDIA NvDLISR;C:\WINDOWS\system32;C:\WINDOWS;C:\WINDOWS\System32\Wbem;C:\WINDOWS\System32\WindowsPowerShell\v1.0\;C:\WINDOWS\System32\OpenSSH\;D:\sql serve\Client SDK\ODBC\170\Tools\Binn\;D:\Study\django_py\150\Tools\Binn\;D:\sql serve\150\Tools\Binn\;D:\sql serve\150\DTS\Binn\;D:\Study\django_py\150\DTS\Binn\;C:\Program Files\MySQL\MySQL Server 8.0\bin;D:\phpstudy_pro\Extensions\php\php7.3.4nts;D:\node.js\node_global\node_modules;D:\node_js\;D:\Git\Git\cmd;D:\小程序开发\微信web开发者工具\dll;D:\gettext;iconv\bin;D:\gettext\gettextinstall64\bin;C:\Program Files\Docker\Docker\resources\bin;C:\ProgramData\DockerDesktop\version-bin;C:\Program Files\Bandizip\;D:\xshell\;"C:\WINDOWS\system32;C:\WINDOWS;C:\WINDOWS\system32\WBEM";D:\java\maven\apache-maven-3.6.1\bin;C:\Program Files\MySQL\MySQL Shell 8.0\bin\;D:\acaconda;D:\acaconda\Library\mingw-w64\bin;D:\acaconda\Library\usr\bin;D:\acaconda\Library\bin;D:\acaconda\Scripts;C:\Users\86181\AppData\Local\Programs\Python\Python310\Scripts\;C:\Users\86181\AppData\Local\Programs\Python\Python310\;C:\Users\86181\AppData\Local\Microsoft\WindowsApps;D:\node.js\node_global;D:\node.js;C:\Users\86181\AppData\Roaming\npm;D:\PyCharm 2022.1\bin;;D:\Microsoft VS Code\bin;D:\gettext\gettextinstall64\bin;D:\Study\待办事项\todo.md;;D:\webstorm\WebStorm 2021.3.3\bin;
USERNAME=86181
OS=Windows_NT
PROCESSOR_IDENTIFIER=Intel64 Family 6 Model 165 Stepping 2, GenuineIntel



---------------  S Y S T E M  ---------------

OS: Windows 10.0 , 64 bit Build 19041 (10.0.19041.2364)

CPU:total 8 (initial active 8) (4 cores per cpu, 2 threads per core) family 6 model 165 stepping 2, cmov, cx8, fxsr, mmx, sse, sse2, sse3, ssse3, sse4.1, sse4.2, popcnt, avx, avx2, aes, clmul, erms, 3dnowpref, lzcnt, ht, tsc, tscinvbit, bmi1, bmi2, adx

Memory: 4k page, physical 16641840k(7873348k free), swap 19713840k(5288k free)

vm_info: Java HotSpot(TM) 64-Bit Server VM (25.201-b09) for windows-amd64 JRE (1.8.0_201-b09), built on Dec 15 2018 18:36:39 by "java_re" with MS VC++ 10.0 (VS2010)

time: Sun Jan 29 14:00:27 2023
timezone: 中国标准时间
elapsed time: 0 seconds (0d 0h 0m 0s)

